2025-08-11T09:02:27.097Z | cxd308k36kYVRsU1AAAF | {"type":"mouth_open","detail":"mar=0.761","timestamp":1754902947084}
2025-08-11T09:02:28.285Z | cxd308k36kYVRsU1AAAF | {"type":"mouth_close","detail":"mar=0.535","timestamp":1754902948277}
2025-08-11T09:09:46.353Z | IP9xGom4iaRAF1UTAAAH | {"type":"blink","ear":0.20281942635265626,"timestamp":1754903386346}
2025-08-11T09:09:47.554Z | IP9xGom4iaRAF1UTAAAH | {"type":"blink","ear":0.20096711834555833,"timestamp":1754903387540}
2025-08-11T09:09:55.238Z | IP9xGom4iaRAF1UTAAAH | {"type":"mouth_open","mar":0.5537641349468508,"timestamp":1754903395224}
2025-08-11T09:09:56.104Z | IP9xGom4iaRAF1UTAAAH | {"type":"mouth_close","mar":0.5474258070148874,"timestamp":1754903396090}
2025-08-11T09:09:58.092Z | IP9xGom4iaRAF1UTAAAH | {"type":"mouth_open","mar":0.5526392784358132,"timestamp":1754903398091}
2025-08-11T09:09:58.592Z | IP9xGom4iaRAF1UTAAAH | {"type":"mouth_close","mar":0.5278256524829631,"timestamp":1754903398592}
2025-08-11T09:10:00.674Z | IP9xGom4iaRAF1UTAAAH | {"type":"blink","ear":0.17662685647632748,"timestamp":1754903400673}
2025-08-11T09:10:02.120Z | IP9xGom4iaRAF1UTAAAH | {"type":"blink","ear":0.2069039868094856,"timestamp":1754903402120}
2025-08-11T09:10:07.780Z | IP9xGom4iaRAF1UTAAAH | {"type":"blink","ear":0.20859143010800255,"timestamp":1754903407780}
2025-08-11T09:10:09.760Z | IP9xGom4iaRAF1UTAAAH | {"type":"blink","ear":0.19698837781501152,"timestamp":1754903409760}
2025-08-11T09:10:10.761Z | IP9xGom4iaRAF1UTAAAH | {"type":"blink","ear":0.20375248856420444,"timestamp":1754903410761}
2025-08-11T09:10:12.559Z | IP9xGom4iaRAF1UTAAAH | {"type":"blink","ear":0.218942692741117,"timestamp":1754903412559}
2025-08-11T09:10:13.041Z | IP9xGom4iaRAF1UTAAAH | {"type":"blink","ear":0.21662731675196775,"timestamp":1754903413040}
2025-08-11T09:10:14.114Z | IP9xGom4iaRAF1UTAAAH | {"type":"blink","ear":0.21756080015171156,"timestamp":1754903414113}
2025-08-11T09:10:14.491Z | IP9xGom4iaRAF1UTAAAH | {"type":"blink","ear":0.21729737861799348,"timestamp":1754903414491}
2025-08-11T09:10:15.440Z | IP9xGom4iaRAF1UTAAAH | {"type":"blink","ear":0.21963645757933903,"timestamp":1754903415440}
2025-08-11T09:10:26.824Z | IP9xGom4iaRAF1UTAAAH | {"type":"blink","ear":0.21950437216364996,"timestamp":1754903426824}
2025-08-11T09:10:28.025Z | IP9xGom4iaRAF1UTAAAH | {"type":"blink","ear":0.216382527547018,"timestamp":1754903428024}
2025-08-11T09:10:31.090Z | IP9xGom4iaRAF1UTAAAH | {"type":"blink","ear":0.2175932068640591,"timestamp":1754903431089}
2025-08-11T09:10:31.923Z | IP9xGom4iaRAF1UTAAAH | {"type":"blink","ear":0.21967950455848376,"timestamp":1754903431922}
2025-08-11T09:10:33.543Z | IP9xGom4iaRAF1UTAAAH | {"type":"blink","ear":0.21606678008639515,"timestamp":1754903433542}
2025-08-11T09:10:34.154Z | IP9xGom4iaRAF1UTAAAH | {"type":"blink","ear":0.21968575136131416,"timestamp":1754903434153}
2025-08-11T09:10:34.722Z | IP9xGom4iaRAF1UTAAAH | {"type":"blink","ear":0.2187035519373056,"timestamp":1754903434722}
2025-08-11T09:10:41.690Z | IP9xGom4iaRAF1UTAAAH | {"type":"blink","ear":0.16358911209118443,"timestamp":1754903441689}
2025-08-11T09:10:42.322Z | IP9xGom4iaRAF1UTAAAH | {"type":"blink","ear":0.21924500219618848,"timestamp":1754903442321}
2025-08-11T09:10:42.955Z | IP9xGom4iaRAF1UTAAAH | {"type":"blink","ear":0.17505238688437152,"timestamp":1754903442955}
2025-08-11T09:10:44.628Z | IP9xGom4iaRAF1UTAAAH | {"type":"mouth_open","mar":0.5626125360214199,"timestamp":1754903444628}
2025-08-11T09:10:44.968Z | IP9xGom4iaRAF1UTAAAH | {"type":"mouth_close","mar":0.5581120196565571,"timestamp":1754903444968}
2025-08-11T09:10:48.123Z | IP9xGom4iaRAF1UTAAAH | {"type":"blink","ear":0.21749055013306848,"timestamp":1754903448123}
2025-08-11T09:10:48.656Z | IP9xGom4iaRAF1UTAAAH | {"type":"blink","ear":0.2154478851089621,"timestamp":1754903448656}
2025-08-11T09:10:58.755Z | IP9xGom4iaRAF1UTAAAH | {"type":"blink","ear":0.21943334708217768,"timestamp":1754903458755}
2025-08-11T09:11:06.488Z | IP9xGom4iaRAF1UTAAAH | {"type":"blink","ear":0.2165980231455552,"timestamp":1754903466488}
2025-08-11T09:11:08.355Z | IP9xGom4iaRAF1UTAAAH | {"type":"blink","ear":0.21229019613165998,"timestamp":1754903468355}
2025-08-11T09:11:09.888Z | IP9xGom4iaRAF1UTAAAH | {"type":"mouth_open","mar":0.5600347486311118,"timestamp":1754903469888}
2025-08-11T09:11:09.955Z | IP9xGom4iaRAF1UTAAAH | {"type":"blink","ear":0.21745520736147583,"timestamp":1754903469955}
2025-08-11T09:11:09.955Z | IP9xGom4iaRAF1UTAAAH | {"type":"mouth_close","mar":0.5552904957755419,"timestamp":1754903469955}
2025-08-11T09:11:10.354Z | IP9xGom4iaRAF1UTAAAH | {"type":"blink","ear":0.21924729352281724,"timestamp":1754903470354}
2025-08-11T09:11:11.354Z | IP9xGom4iaRAF1UTAAAH | {"type":"blink","ear":0.21899193623671961,"timestamp":1754903471354}
2025-08-11T09:11:12.784Z | IP9xGom4iaRAF1UTAAAH | {"type":"blink","ear":0.2183431282800986,"timestamp":1754903472784}
2025-08-11T09:11:15.912Z | IP9xGom4iaRAF1UTAAAH | {"type":"blink","ear":0.18809241991340972,"timestamp":1754903475912}
2025-08-11T09:11:16.320Z | IP9xGom4iaRAF1UTAAAH | {"type":"blink","ear":0.2192887508985194,"timestamp":1754903476320}
2025-08-11T09:11:17.520Z | IP9xGom4iaRAF1UTAAAH | {"type":"blink","ear":0.2090210161787981,"timestamp":1754903477520}
2025-08-11T09:18:44.683Z | IP9xGom4iaRAF1UTAAAH | {"type":"blink","ear":0.2042274186164498,"timestamp":1754903924683}
2025-08-11T09:19:08.825Z | IP9xGom4iaRAF1UTAAAH | {"type":"blink","ear":0.19814944208885668,"timestamp":1754903948825}
2025-08-11T09:19:11.856Z | IP9xGom4iaRAF1UTAAAH | {"type":"blink","ear":0.21820864184549937,"timestamp":1754903951856}
2025-08-11T09:19:14.962Z | IP9xGom4iaRAF1UTAAAH | {"type":"blink","ear":0.2053352272850465,"timestamp":1754903954962}
2025-08-11T09:19:59.226Z | IP9xGom4iaRAF1UTAAAH | {"type":"blink","ear":0.21414397211605904,"timestamp":1754903999225}
2025-08-11T09:20:03.196Z | IP9xGom4iaRAF1UTAAAH | {"type":"blink","ear":0.20651984818633196,"timestamp":1754904003196}
2025-08-11T09:20:04.156Z | IP9xGom4iaRAF1UTAAAH | {"type":"blink","ear":0.2046309177836533,"timestamp":1754904004155}
2025-08-11T09:20:08.904Z | IP9xGom4iaRAF1UTAAAH | {"type":"blink","ear":0.21223128887629905,"timestamp":1754904008904}
2025-08-11T09:21:02.564Z | dBc8cvhaBMvOCxoTAAAJ | {"type":"blink","ear":0.21609592446638906,"timestamp":1754904062555}
2025-08-11T09:21:03.913Z | dBc8cvhaBMvOCxoTAAAJ | {"type":"blink","ear":0.21681334901326976,"timestamp":1754904063903}
2025-08-11T09:21:04.779Z | dBc8cvhaBMvOCxoTAAAJ | {"type":"blink","ear":0.2149285747690208,"timestamp":1754904064771}
2025-08-11T09:21:06.701Z | dBc8cvhaBMvOCxoTAAAJ | {"type":"blink","ear":0.1940742387323102,"timestamp":1754904066694}
2025-08-11T09:21:08.921Z | dBc8cvhaBMvOCxoTAAAJ | {"type":"blink","ear":0.2160245170744699,"timestamp":1754904068921}
2025-08-11T09:21:09.301Z | dBc8cvhaBMvOCxoTAAAJ | {"type":"blink","ear":0.21642503308681746,"timestamp":1754904069301}
2025-08-11T09:21:10.286Z | dBc8cvhaBMvOCxoTAAAJ | {"type":"blink","ear":0.21884573794523446,"timestamp":1754904070286}
2025-08-11T09:21:10.689Z | dBc8cvhaBMvOCxoTAAAJ | {"type":"blink","ear":0.2183832636620886,"timestamp":1754904070689}
2025-08-11T09:21:14.187Z | dBc8cvhaBMvOCxoTAAAJ | {"type":"blink","ear":0.21826672894047405,"timestamp":1754904074187}
2025-08-11T09:21:15.021Z | dBc8cvhaBMvOCxoTAAAJ | {"type":"blink","ear":0.18323946206668587,"timestamp":1754904075021}
2025-08-11T09:21:49.172Z | dBc8cvhaBMvOCxoTAAAJ | {"type":"blink","ear":0.20894411596746224,"timestamp":1754904109172}
2025-08-11T09:21:57.407Z | dBc8cvhaBMvOCxoTAAAJ | {"type":"blink","ear":0.19033252864690883,"timestamp":1754904117407}
2025-08-11T09:22:24.335Z | dBc8cvhaBMvOCxoTAAAJ | {"type":"blink","ear":0.15910131743017275,"timestamp":1754904144335}
2025-08-11T09:22:24.902Z | dBc8cvhaBMvOCxoTAAAJ | {"type":"blink","ear":0.1880662426786068,"timestamp":1754904144901}
2025-08-11T09:22:25.470Z | dBc8cvhaBMvOCxoTAAAJ | {"type":"blink","ear":0.14896150905358466,"timestamp":1754904145469}
2025-08-11T09:22:26.301Z | dBc8cvhaBMvOCxoTAAAJ | {"type":"blink","ear":0.21275336680131493,"timestamp":1754904146301}
2025-08-11T09:22:27.737Z | dBc8cvhaBMvOCxoTAAAJ | {"type":"blink","ear":0.21999287990932181,"timestamp":1754904147737}
2025-08-11T09:22:28.069Z | dBc8cvhaBMvOCxoTAAAJ | {"type":"mouth_open","mar":0.5582033662619484,"timestamp":1754904148069}
2025-08-11T09:22:28.370Z | dBc8cvhaBMvOCxoTAAAJ | {"type":"blink","ear":0.21994837774114762,"timestamp":1754904148369}
2025-08-11T09:22:28.501Z | dBc8cvhaBMvOCxoTAAAJ | {"type":"mouth_close","mar":0.5435709110020323,"timestamp":1754904148501}
2025-08-11T09:22:30.058Z | dBc8cvhaBMvOCxoTAAAJ | {"type":"mouth_open","mar":0.5548073648090802,"timestamp":1754904150058}
2025-08-11T09:22:30.436Z | dBc8cvhaBMvOCxoTAAAJ | {"type":"mouth_close","mar":0.536108139685087,"timestamp":1754904150436}
2025-08-11T09:22:31.619Z | dBc8cvhaBMvOCxoTAAAJ | {"type":"mouth_open","mar":0.5575101079291459,"timestamp":1754904151619}
2025-08-11T09:22:31.769Z | dBc8cvhaBMvOCxoTAAAJ | {"type":"blink","ear":0.21852548525476168,"timestamp":1754904151768}
2025-08-11T09:22:32.037Z | dBc8cvhaBMvOCxoTAAAJ | {"type":"mouth_close","mar":0.5388646300020348,"timestamp":1754904152036}
2025-08-11T09:22:33.003Z | dBc8cvhaBMvOCxoTAAAJ | {"type":"blink","ear":0.2174446927351751,"timestamp":1754904153002}
2025-08-11T09:22:33.003Z | dBc8cvhaBMvOCxoTAAAJ | {"type":"mouth_open","mar":0.564693000941904,"timestamp":1754904153002}
2025-08-11T09:22:33.471Z | dBc8cvhaBMvOCxoTAAAJ | {"type":"mouth_close","mar":0.536970126981075,"timestamp":1754904153470}
2025-08-11T09:22:33.471Z | dBc8cvhaBMvOCxoTAAAJ | {"type":"blink","ear":0.21815964753027836,"timestamp":1754904153470}
2025-08-11T09:22:33.735Z | dBc8cvhaBMvOCxoTAAAJ | {"type":"blink","ear":0.21960588837290376,"timestamp":1754904153735}
2025-08-11T09:22:34.368Z | dBc8cvhaBMvOCxoTAAAJ | {"type":"mouth_open","mar":0.5556748193593082,"timestamp":1754904154368}
2025-08-11T09:22:34.671Z | dBc8cvhaBMvOCxoTAAAJ | {"type":"blink","ear":0.21941276033237664,"timestamp":1754904154671}
2025-08-11T09:22:34.835Z | dBc8cvhaBMvOCxoTAAAJ | {"type":"mouth_close","mar":0.5248656599635997,"timestamp":1754904154834}
2025-08-11T09:22:35.836Z | dBc8cvhaBMvOCxoTAAAJ | {"type":"mouth_open","mar":0.5527556686740063,"timestamp":1754904155835}
2025-08-11T09:22:36.302Z | dBc8cvhaBMvOCxoTAAAJ | {"type":"mouth_close","mar":0.527736366308759,"timestamp":1754904156302}
2025-08-11T09:22:36.969Z | dBc8cvhaBMvOCxoTAAAJ | {"type":"blink","ear":0.17673166954092712,"timestamp":1754904156968}
2025-08-11T09:22:37.635Z | dBc8cvhaBMvOCxoTAAAJ | {"type":"blink","ear":0.1914456664642055,"timestamp":1754904157634}
2025-08-11T09:22:38.301Z | dBc8cvhaBMvOCxoTAAAJ | {"type":"blink","ear":0.18135252006543992,"timestamp":1754904158300}
2025-08-11T09:22:39.469Z | dBc8cvhaBMvOCxoTAAAJ | {"type":"blink","ear":0.21694725771735576,"timestamp":1754904159468}
2025-08-11T09:22:39.509Z | dBc8cvhaBMvOCxoTAAAJ | {"type":"mouth_open","mar":0.55051386670048,"timestamp":1754904159509}
2025-08-11T09:22:40.102Z | dBc8cvhaBMvOCxoTAAAJ | {"type":"mouth_close","mar":0.5208343956379108,"timestamp":1754904160102}
2025-08-11T09:22:41.306Z | dBc8cvhaBMvOCxoTAAAJ | {"type":"mouth_open","mar":0.5520205818963675,"timestamp":1754904161305}
2025-08-11T09:22:41.434Z | dBc8cvhaBMvOCxoTAAAJ | {"type":"blink","ear":0.2194805798002565,"timestamp":1754904161434}
2025-08-11T09:22:41.701Z | dBc8cvhaBMvOCxoTAAAJ | {"type":"blink","ear":0.2162953046737849,"timestamp":1754904161700}
2025-08-11T09:22:41.805Z | dBc8cvhaBMvOCxoTAAAJ | {"type":"mouth_close","mar":0.5424953009341706,"timestamp":1754904161804}
2025-08-11T09:22:43.401Z | dBc8cvhaBMvOCxoTAAAJ | {"type":"mouth_open","mar":0.5544687268065749,"timestamp":1754904163400}
2025-08-11T09:22:43.934Z | dBc8cvhaBMvOCxoTAAAJ | {"type":"mouth_close","mar":0.5321171079051601,"timestamp":1754904163933}
2025-08-11T09:22:44.469Z | dBc8cvhaBMvOCxoTAAAJ | {"type":"blink","ear":0.21859364504108159,"timestamp":1754904164468}
2025-08-11T09:22:45.203Z | dBc8cvhaBMvOCxoTAAAJ | {"type":"mouth_open","mar":0.5551974012734894,"timestamp":1754904165203}
2025-08-11T09:22:45.672Z | dBc8cvhaBMvOCxoTAAAJ | {"type":"mouth_close","mar":0.5427604329711894,"timestamp":1754904165671}
2025-08-11T09:22:46.850Z | dBc8cvhaBMvOCxoTAAAJ | {"type":"mouth_open","mar":0.550783884736523,"timestamp":1754904166850}
2025-08-11T09:22:47.302Z | dBc8cvhaBMvOCxoTAAAJ | {"type":"mouth_close","mar":0.5402357959126038,"timestamp":1754904167302}
2025-08-11T09:22:47.334Z | dBc8cvhaBMvOCxoTAAAJ | {"type":"blink","ear":0.21994098152680883,"timestamp":1754904167333}
2025-08-11T09:22:48.499Z | dBc8cvhaBMvOCxoTAAAJ | {"type":"mouth_open","mar":0.554657087519126,"timestamp":1754904168499}
2025-08-11T09:22:48.933Z | dBc8cvhaBMvOCxoTAAAJ | {"type":"mouth_close","mar":0.5492717672315446,"timestamp":1754904168933}
2025-08-11T09:22:50.002Z | dBc8cvhaBMvOCxoTAAAJ | {"type":"mouth_open","mar":0.5571917215979166,"timestamp":1754904170001}
2025-08-11T09:22:50.071Z | dBc8cvhaBMvOCxoTAAAJ | {"type":"blink","ear":0.21908961136117552,"timestamp":1754904170070}
2025-08-11T09:22:50.268Z | dBc8cvhaBMvOCxoTAAAJ | {"type":"mouth_close","mar":0.5498166151910179,"timestamp":1754904170267}
2025-08-11T09:22:50.304Z | dBc8cvhaBMvOCxoTAAAJ | {"type":"mouth_open","mar":0.5507957675908558,"timestamp":1754904170303}
2025-08-11T09:22:50.474Z | dBc8cvhaBMvOCxoTAAAJ | {"type":"mouth_close","mar":0.5476544852491719,"timestamp":1754904170473}
2025-08-11T09:22:51.269Z | dBc8cvhaBMvOCxoTAAAJ | {"type":"blink","ear":0.21671021447009678,"timestamp":1754904171268}
2025-08-11T09:22:51.368Z | dBc8cvhaBMvOCxoTAAAJ | {"type":"mouth_open","mar":0.5515490806176641,"timestamp":1754904171367}
2025-08-11T09:22:51.568Z | dBc8cvhaBMvOCxoTAAAJ | {"type":"blink","ear":0.21998945774150483,"timestamp":1754904171568}
2025-08-11T09:22:52.818Z | dBc8cvhaBMvOCxoTAAAJ | {"type":"blink","ear":0.21807519532291383,"timestamp":1754904172817}
2025-08-11T09:22:53.536Z | dBc8cvhaBMvOCxoTAAAJ | {"type":"mouth_close","mar":0.5431927466887015,"timestamp":1754904173535}
2025-08-11T09:22:55.334Z | dBc8cvhaBMvOCxoTAAAJ | {"type":"mouth_open","mar":0.5548402178017928,"timestamp":1754904175333}
2025-08-11T09:22:55.468Z | dBc8cvhaBMvOCxoTAAAJ | {"type":"mouth_close","mar":0.5448539154859118,"timestamp":1754904175467}
2025-08-11T09:22:56.417Z | dBc8cvhaBMvOCxoTAAAJ | {"type":"blink","ear":0.18732332581072852,"timestamp":1754904176416}
2025-08-11T09:22:56.903Z | dBc8cvhaBMvOCxoTAAAJ | {"type":"blink","ear":0.164865141993738,"timestamp":1754904176903}
2025-08-11T09:22:57.433Z | dBc8cvhaBMvOCxoTAAAJ | {"type":"blink","ear":0.1707073820809901,"timestamp":1754904177432}
2025-08-11T09:22:58.168Z | dBc8cvhaBMvOCxoTAAAJ | {"type":"blink","ear":0.19277572399921397,"timestamp":1754904178167}
2025-08-11T09:22:58.734Z | dBc8cvhaBMvOCxoTAAAJ | {"type":"blink","ear":0.17962238438670317,"timestamp":1754904178733}
2025-08-11T09:22:59.334Z | dBc8cvhaBMvOCxoTAAAJ | {"type":"blink","ear":0.17177447981865515,"timestamp":1754904179334}
2025-08-11T09:23:00.267Z | dBc8cvhaBMvOCxoTAAAJ | {"type":"mouth_open","mar":0.5555386450164225,"timestamp":1754904180266}
2025-08-11T09:23:00.469Z | dBc8cvhaBMvOCxoTAAAJ | {"type":"mouth_close","mar":0.5389306592819854,"timestamp":1754904180468}
2025-08-11T09:23:01.401Z | dBc8cvhaBMvOCxoTAAAJ | {"type":"mouth_open","mar":0.5506642339809216,"timestamp":1754904181400}
2025-08-11T09:23:01.468Z | dBc8cvhaBMvOCxoTAAAJ | {"type":"mouth_close","mar":0.5492038753692928,"timestamp":1754904181467}
2025-08-11T09:23:01.502Z | dBc8cvhaBMvOCxoTAAAJ | {"type":"mouth_open","mar":0.5505444598578094,"timestamp":1754904181501}
2025-08-11T09:23:01.568Z | dBc8cvhaBMvOCxoTAAAJ | {"type":"blink","ear":0.2175655165757571,"timestamp":1754904181568}
2025-08-11T09:23:01.770Z | dBc8cvhaBMvOCxoTAAAJ | {"type":"mouth_close","mar":0.5309561457887747,"timestamp":1754904181769}
2025-08-11T09:23:02.368Z | dBc8cvhaBMvOCxoTAAAJ | {"type":"blink","ear":0.2180144637331192,"timestamp":1754904182368}
2025-08-11T09:23:02.417Z | dBc8cvhaBMvOCxoTAAAJ | {"type":"mouth_open","mar":0.553942183751519,"timestamp":1754904182416}
2025-08-11T09:23:02.819Z | dBc8cvhaBMvOCxoTAAAJ | {"type":"mouth_close","mar":0.5346828529142716,"timestamp":1754904182819}
2025-08-11T09:23:03.101Z | dBc8cvhaBMvOCxoTAAAJ | {"type":"blink","ear":0.2154686322232855,"timestamp":1754904183100}
2025-08-11T09:23:03.584Z | dBc8cvhaBMvOCxoTAAAJ | {"type":"mouth_open","mar":0.5565787781773227,"timestamp":1754904183583}
2025-08-11T09:23:03.618Z | dBc8cvhaBMvOCxoTAAAJ | {"type":"mouth_close","mar":0.5471202204549394,"timestamp":1754904183618}
2025-08-11T09:23:04.736Z | dBc8cvhaBMvOCxoTAAAJ | {"type":"blink","ear":0.21961685907425307,"timestamp":1754904184735}
2025-08-11T09:23:05.304Z | dBc8cvhaBMvOCxoTAAAJ | {"type":"blink","ear":0.2157734521775785,"timestamp":1754904185304}
2025-08-11T09:23:07.768Z | dBc8cvhaBMvOCxoTAAAJ | {"type":"blink","ear":0.21473650241974815,"timestamp":1754904187767}
2025-08-11T09:23:09.101Z | dBc8cvhaBMvOCxoTAAAJ | {"type":"blink","ear":0.18608643287594048,"timestamp":1754904189100}
2025-08-11T09:23:10.509Z | dBc8cvhaBMvOCxoTAAAJ | {"type":"blink","ear":0.21092324092347178,"timestamp":1754904190508}
2025-08-11T09:23:18.700Z | dBc8cvhaBMvOCxoTAAAJ | {"type":"blink","ear":0.193802853274156,"timestamp":1754904198700}
2025-08-11T09:23:23.333Z | dBc8cvhaBMvOCxoTAAAJ | {"type":"blink","ear":0.20499319416520548,"timestamp":1754904203333}
2025-08-11T09:23:31.642Z | O_-HW3_lAmDchTtjAAAL | {"type":"blink","ear":0.17809557808493712,"timestamp":1754904211633}
2025-08-11T09:23:32.242Z | O_-HW3_lAmDchTtjAAAL | {"type":"blink","ear":0.1692160858354376,"timestamp":1754904212234}
2025-08-11T09:23:32.878Z | O_-HW3_lAmDchTtjAAAL | {"type":"blink","ear":0.1868032424528188,"timestamp":1754904212867}
2025-08-11T09:23:33.849Z | O_-HW3_lAmDchTtjAAAL | {"type":"blink","ear":0.17923874424480024,"timestamp":1754904213836}
2025-08-11T09:23:34.717Z | O_-HW3_lAmDchTtjAAAL | {"type":"blink","ear":0.16989138037163068,"timestamp":1754904214716}
2025-08-11T09:23:36.201Z | O_-HW3_lAmDchTtjAAAL | {"type":"blink","ear":0.17185549884778553,"timestamp":1754904216201}
2025-08-11T09:23:39.103Z | O_-HW3_lAmDchTtjAAAL | {"type":"mouth_open","mar":0.5507214532295216,"timestamp":1754904219103}
2025-08-11T09:23:39.233Z | O_-HW3_lAmDchTtjAAAL | {"type":"mouth_close","mar":0.5442086041857961,"timestamp":1754904219233}
2025-08-11T09:23:40.569Z | O_-HW3_lAmDchTtjAAAL | {"type":"mouth_open","mar":0.5520244229500638,"timestamp":1754904220569}
2025-08-11T09:23:40.934Z | O_-HW3_lAmDchTtjAAAL | {"type":"mouth_close","mar":0.5364487020431563,"timestamp":1754904220934}
2025-08-11T09:23:42.566Z | O_-HW3_lAmDchTtjAAAL | {"type":"mouth_open","mar":0.5513323904778624,"timestamp":1754904222566}
2025-08-11T09:23:42.634Z | O_-HW3_lAmDchTtjAAAL | {"type":"mouth_close","mar":0.5471011673117577,"timestamp":1754904222634}
2025-08-11T09:23:46.224Z | O_-HW3_lAmDchTtjAAAL | {"type":"mouth_open","mar":0.5616721270287843,"timestamp":1754904226224}
2025-08-11T09:23:46.684Z | O_-HW3_lAmDchTtjAAAL | {"type":"mouth_close","mar":0.5342204564909321,"timestamp":1754904226684}
2025-08-11T09:23:49.084Z | O_-HW3_lAmDchTtjAAAL | {"type":"blink","ear":0.1803258241022225,"timestamp":1754904229084}
2025-08-11T09:23:49.481Z | O_-HW3_lAmDchTtjAAAL | {"type":"blink","ear":0.18744714381622085,"timestamp":1754904229481}
2025-08-11T09:23:50.798Z | O_-HW3_lAmDchTtjAAAL | {"type":"mouth_open","mar":0.554494648601032,"timestamp":1754904230798}
2025-08-11T09:23:50.832Z | O_-HW3_lAmDchTtjAAAL | {"type":"mouth_close","mar":0.549693975560018,"timestamp":1754904230832}
2025-08-11T09:23:50.866Z | O_-HW3_lAmDchTtjAAAL | {"type":"mouth_open","mar":0.5502336743475088,"timestamp":1754904230866}
2025-08-11T09:23:50.899Z | O_-HW3_lAmDchTtjAAAL | {"type":"mouth_close","mar":0.5468068993954206,"timestamp":1754904230899}
2025-08-11T09:23:51.050Z | O_-HW3_lAmDchTtjAAAL | {"type":"blink","ear":0.2131174162814398,"timestamp":1754904231050}
2025-08-11T09:23:51.990Z | O_-HW3_lAmDchTtjAAAL | {"type":"mouth_open","mar":0.5551127624661788,"timestamp":1754904231989}
2025-08-11T09:23:52.067Z | O_-HW3_lAmDchTtjAAAL | {"type":"mouth_close","mar":0.548456177836005,"timestamp":1754904232067}
2025-08-11T09:23:52.134Z | O_-HW3_lAmDchTtjAAAL | {"type":"mouth_open","mar":0.5514022860342692,"timestamp":1754904232133}
2025-08-11T09:23:52.169Z | O_-HW3_lAmDchTtjAAAL | {"type":"mouth_close","mar":0.5488492889760006,"timestamp":1754904232169}
2025-08-11T09:23:52.274Z | O_-HW3_lAmDchTtjAAAL | {"type":"mouth_open","mar":0.5528916937562777,"timestamp":1754904232273}
2025-08-11T09:23:52.338Z | O_-HW3_lAmDchTtjAAAL | {"type":"mouth_close","mar":0.5409060113706724,"timestamp":1754904232338}
2025-08-11T09:23:52.499Z | O_-HW3_lAmDchTtjAAAL | {"type":"blink","ear":0.21891170929379208,"timestamp":1754904232499}
2025-08-28T17:24:57.675Z | oPevlseCbyxf81pAAAAB | {"type":"head_turn","dir":"left","yawDeg":19.30383686554547,"timestamp":1756401897658}
2025-08-28T17:24:58.144Z | oPevlseCbyxf81pAAAAB | {"type":"head_turn","dir":"left","yawDeg":19.60960787501314,"timestamp":1756401898134}
2025-08-28T17:24:58.501Z | oPevlseCbyxf81pAAAAB | {"type":"blink","ear":0.21274291596804992,"timestamp":1756401898486}
